> Task :gradle-plugin:settings-plugin:checkKotlinGradlePluginConfigurationErrors SKIPPED
> Task :gradle-plugin:shared:checkKotlinGradlePluginConfigurationErrors SKIPPED
> Task :gradle-plugin:shared:compileKotlin UP-TO-DATE
> Task :gradle-plugin:shared:compileJava NO-SOURCE
> Task :gradle-plugin:shared:processResources NO-SOURCE
> Task :gradle-plugin:shared:classes UP-TO-DATE
> Task :gradle-plugin:shared:jar UP-TO-DATE
> Task :gradle-plugin:settings-plugin:compileKotlin UP-TO-DATE
> Task :gradle-plugin:settings-plugin:compileJava NO-SOURCE
> Task :gradle-plugin:settings-plugin:pluginDescriptors UP-TO-DATE
> Task :gradle-plugin:settings-plugin:processResources UP-TO-DATE
> Task :gradle-plugin:settings-plugin:classes UP-TO-DATE
> Task :gradle-plugin:settings-plugin:jar UP-TO-DATE
> Task :gradle-plugin:react-native-gradle-plugin:checkKotlinGradlePluginConfigurationErrors SKIPPED
> Task :gradle-plugin:react-native-gradle-plugin:compileKotlin UP-TO-DATE
> Task :gradle-plugin:react-native-gradle-plugin:compileJava NO-SOURCE
> Task :gradle-plugin:react-native-gradle-plugin:pluginDescriptors UP-TO-DATE
> Task :gradle-plugin:react-native-gradle-plugin:processResources UP-TO-DATE
> Task :gradle-plugin:react-native-gradle-plugin:classes UP-TO-DATE
> Task :gradle-plugin:react-native-gradle-plugin:jar UP-TO-DATE
> Task :app:checkKotlinGradlePluginConfigurationErrors SKIPPED
> Task :app:generateAutolinkingNewArchitectureFiles UP-TO-DATE
> Task :app:generateAutolinkingPackageList UP-TO-DATE
> Task :app:generateCodegenSchemaFromJavaScript SKIPPED
> Task :app:generateCodegenArtifactsFromSchema SKIPPED
> Task :app:generateReactNativeEntryPoint UP-TO-DATE
> Task :react-native-safe-area-context:generateCodegenSchemaFromJavaScript UP-TO-DATE
> Task :react-native-safe-area-context:generateCodegenArtifactsFromSchema UP-TO-DATE
> Task :react-native-safe-area-context:preBuild UP-TO-DATE
> Task :react-native-snag:preBuild UP-TO-DATE
> Task :snag:preBuild UP-TO-DATE
> Task :app:preBuild UP-TO-DATE
> Task :app:preDebugBuild UP-TO-DATE
> Task :app:generateDebugBuildConfig UP-TO-DATE
> Task :react-native-safe-area-context:preDebugBuild UP-TO-DATE
> Task :react-native-safe-area-context:writeDebugAarMetadata UP-TO-DATE
> Task :react-native-snag:preDebugBuild UP-TO-DATE
> Task :react-native-snag:writeDebugAarMetadata UP-TO-DATE
> Task :snag:preDebugBuild UP-TO-DATE
> Task :snag:writeDebugAarMetadata UP-TO-DATE
> Task :app:checkDebugAarMetadata UP-TO-DATE
> Task :app:generateDebugResValues UP-TO-DATE
> Task :react-native-safe-area-context:generateDebugResValues UP-TO-DATE
> Task :react-native-safe-area-context:generateDebugResources UP-TO-DATE
> Task :react-native-safe-area-context:packageDebugResources UP-TO-DATE
> Task :react-native-snag:generateDebugResValues UP-TO-DATE
> Task :react-native-snag:generateDebugResources UP-TO-DATE
> Task :react-native-snag:packageDebugResources UP-TO-DATE
> Task :snag:generateDebugResValues UP-TO-DATE
> Task :snag:generateDebugResources UP-TO-DATE
> Task :snag:packageDebugResources UP-TO-DATE
> Task :app:mapDebugSourceSetPaths UP-TO-DATE
> Task :app:generateDebugResources UP-TO-DATE
> Task :app:mergeDebugResources UP-TO-DATE
> Task :app:packageDebugResources UP-TO-DATE
> Task :app:parseDebugLocalResources UP-TO-DATE
> Task :app:createDebugCompatibleScreenManifests UP-TO-DATE
> Task :app:extractDeepLinksDebug UP-TO-DATE
> Task :react-native-safe-area-context:extractDeepLinksDebug UP-TO-DATE
> Task :react-native-safe-area-context:processDebugManifest UP-TO-DATE
> Task :react-native-snag:extractDeepLinksDebug UP-TO-DATE
> Task :react-native-snag:processDebugManifest UP-TO-DATE
> Task :snag:extractDeepLinksDebug UP-TO-DATE
> Task :snag:processDebugManifest UP-TO-DATE
> Task :app:processDebugMainManifest UP-TO-DATE
> Task :app:processDebugManifest UP-TO-DATE
> Task :app:processDebugManifestForPackage UP-TO-DATE
> Task :react-native-safe-area-context:compileDebugLibraryResources UP-TO-DATE
> Task :react-native-safe-area-context:parseDebugLocalResources UP-TO-DATE
> Task :react-native-safe-area-context:generateDebugRFile UP-TO-DATE
> Task :react-native-snag:compileDebugLibraryResources UP-TO-DATE
> Task :react-native-snag:parseDebugLocalResources UP-TO-DATE
> Task :react-native-snag:generateDebugRFile UP-TO-DATE
> Task :snag:compileDebugLibraryResources UP-TO-DATE
> Task :snag:parseDebugLocalResources UP-TO-DATE
> Task :snag:generateDebugRFile UP-TO-DATE
> Task :app:processDebugResources UP-TO-DATE
> Task :react-native-safe-area-context:checkKotlinGradlePluginConfigurationErrors SKIPPED
> Task :react-native-safe-area-context:generateDebugBuildConfig UP-TO-DATE
> Task :react-native-safe-area-context:compileDebugKotlin UP-TO-DATE
> Task :react-native-safe-area-context:javaPreCompileDebug UP-TO-DATE
> Task :react-native-safe-area-context:compileDebugJavaWithJavac UP-TO-DATE
> Task :react-native-safe-area-context:bundleLibCompileToJarDebug UP-TO-DATE
> Task :react-native-snag:checkKotlinGradlePluginConfigurationErrors SKIPPED
> Task :react-native-snag:generateDebugBuildConfig UP-TO-DATE
> Task :snag:checkKotlinGradlePluginConfigurationErrors SKIPPED
> Task :snag:generateDebugBuildConfig UP-TO-DATE
> Task :snag:compileDebugKotlin UP-TO-DATE
> Task :snag:javaPreCompileDebug UP-TO-DATE
> Task :snag:compileDebugJavaWithJavac UP-TO-DATE
> Task :snag:bundleLibCompileToJarDebug UP-TO-DATE
> Task :react-native-snag:compileDebugKotlin UP-TO-DATE
> Task :react-native-snag:javaPreCompileDebug UP-TO-DATE
> Task :react-native-snag:compileDebugJavaWithJavac
> Task :app:javaPreCompileDebug UP-TO-DATE
> Task :app:mergeDebugShaders UP-TO-DATE
> Task :app:compileDebugShaders NO-SOURCE
> Task :app:generateDebugAssets UP-TO-DATE
> Task :react-native-safe-area-context:mergeDebugShaders UP-TO-DATE
> Task :react-native-safe-area-context:compileDebugShaders NO-SOURCE
> Task :react-native-safe-area-context:generateDebugAssets UP-TO-DATE
> Task :react-native-safe-area-context:mergeDebugAssets UP-TO-DATE
> Task :react-native-snag:mergeDebugShaders UP-TO-DATE
> Task :react-native-snag:bundleLibCompileToJarDebug
> Task :react-native-snag:compileDebugShaders NO-SOURCE
> Task :react-native-snag:generateDebugAssets UP-TO-DATE
> Task :react-native-snag:mergeDebugAssets UP-TO-DATE
> Task :snag:mergeDebugShaders UP-TO-DATE
> Task :snag:compileDebugShaders NO-SOURCE
> Task :snag:generateDebugAssets UP-TO-DATE
> Task :snag:mergeDebugAssets UP-TO-DATE
> Task :app:mergeDebugAssets UP-TO-DATE
> Task :app:compressDebugAssets UP-TO-DATE
> Task :react-native-safe-area-context:bundleLibRuntimeToJarDebug UP-TO-DATE
> Task :snag:bundleLibRuntimeToJarDebug UP-TO-DATE
> Task :app:desugarDebugFileDependencies UP-TO-DATE
> Task :react-native-safe-area-context:processDebugJavaRes UP-TO-DATE
> Task :react-native-snag:bundleLibRuntimeToJarDebug
> Task :react-native-snag:processDebugJavaRes UP-TO-DATE
> Task :snag:processDebugJavaRes UP-TO-DATE
> Task :app:checkDebugDuplicateClasses UP-TO-DATE
> Task :app:mergeExtDexDebug UP-TO-DATE
> Task :react-native-safe-area-context:bundleLibRuntimeToDirDebug UP-TO-DATE
> Task :snag:bundleLibRuntimeToDirDebug UP-TO-DATE
> Task :react-native-snag:bundleLibRuntimeToDirDebug
> Task :app:compileDebugKotlin
> Task :app:configureCMakeDebug[arm64-v8a]
> Task :app:compileDebugJavaWithJavac
> Task :app:dexBuilderDebug
> Task :app:processDebugJavaRes
> Task :app:mergeDebugGlobalSynthetics

> Task :app:mergeLibDexDebug FAILED
ERROR: /Users/hv/workspace/app/Snag/example/react-native/node_modules/react-native-safe-area-context/android/build/.transforms/03f04b26b2c2eab4082c0742a5c90a47/transformed/bundleLibRuntimeToDirDebug/bundleLibRuntimeToDirDebug_dex/com/facebook/react/viewmanagers/RNCSafeAreaProviderManagerDelegate.dex: D8: Type com.facebook.react.viewmanagers.RNCSafeAreaProviderManagerDelegate is defined multiple times: /Users/hv/workspace/app/Snag/example/react-native/node_modules/react-native-safe-area-context/android/build/.transforms/03f04b26b2c2eab4082c0742a5c90a47/transformed/bundleLibRuntimeToDirDebug/bundleLibRuntimeToDirDebug_dex/com/facebook/react/viewmanagers/RNCSafeAreaProviderManagerDelegate.dex, /Users/hv/workspace/app/Snag/example/react-native/node_modules/react-native-snag/android/build/.transforms/9a81bf16898b7c1755576c7f07b9700d/transformed/bundleLibRuntimeToDirDebug/bundleLibRuntimeToDirDebug_dex/com/facebook/react/viewmanagers/RNCSafeAreaProviderManagerDelegate.dex
com.android.builder.dexing.DexArchiveMergerException: Error while merging dex archives: 
Type com.facebook.react.viewmanagers.RNCSafeAreaProviderManagerDelegate is defined multiple times: /Users/hv/workspace/app/Snag/example/react-native/node_modules/react-native-safe-area-context/android/build/.transforms/03f04b26b2c2eab4082c0742a5c90a47/transformed/bundleLibRuntimeToDirDebug/bundleLibRuntimeToDirDebug_dex/com/facebook/react/viewmanagers/RNCSafeAreaProviderManagerDelegate.dex, /Users/hv/workspace/app/Snag/example/react-native/node_modules/react-native-snag/android/build/.transforms/9a81bf16898b7c1755576c7f07b9700d/transformed/bundleLibRuntimeToDirDebug/bundleLibRuntimeToDirDebug_dex/com/facebook/react/viewmanagers/RNCSafeAreaProviderManagerDelegate.dex
Learn how to resolve the issue at https://developer.android.com/studio/build/dependencies#duplicate_classes.
	at com.android.builder.dexing.D8DexArchiveMerger.getMergingExceptionToRethrow(D8DexArchiveMerger.java:230)
	at com.android.builder.dexing.D8DexArchiveMerger.mergeDexArchives(D8DexArchiveMerger.java:218)
	at com.android.build.gradle.internal.tasks.DexMergingWorkAction.merge(DexMergingTask.kt:935)
	at com.android.build.gradle.internal.tasks.DexMergingWorkAction.run(DexMergingTask.kt:884)
	at com.android.build.gradle.internal.profile.ProfileAwareWorkAction.execute(ProfileAwareWorkAction.kt:74)
	at org.gradle.workers.internal.DefaultWorkerServer.execute(DefaultWorkerServer.java:68)
	at org.gradle.workers.internal.NoIsolationWorkerFactory$1$1.create(NoIsolationWorkerFactory.java:66)
	at org.gradle.workers.internal.NoIsolationWorkerFactory$1$1.create(NoIsolationWorkerFactory.java:62)
	at org.gradle.internal.classloader.ClassLoaderUtils.executeInClassloader(ClassLoaderUtils.java:100)
	at org.gradle.workers.internal.NoIsolationWorkerFactory$1.lambda$execute$0(NoIsolationWorkerFactory.java:62)
	at org.gradle.workers.internal.AbstractWorker$1.call(AbstractWorker.java:44)
	at org.gradle.workers.internal.AbstractWorker$1.call(AbstractWorker.java:41)
	at org.gradle.internal.operations.DefaultBuildOperationRunner$CallableBuildOperationWorker.execute(DefaultBuildOperationRunner.java:209)
	at org.gradle.internal.operations.DefaultBuildOperationRunner$CallableBuildOperationWorker.execute(DefaultBuildOperationRunner.java:204)
	at org.gradle.internal.operations.DefaultBuildOperationRunner$2.execute(DefaultBuildOperationRunner.java:66)
	at org.gradle.internal.operations.DefaultBuildOperationRunner$2.execute(DefaultBuildOperationRunner.java:59)
	at org.gradle.internal.operations.DefaultBuildOperationRunner.execute(DefaultBuildOperationRunner.java:166)
	at org.gradle.internal.operations.DefaultBuildOperationRunner.execute(DefaultBuildOperationRunner.java:59)
	at org.gradle.internal.operations.DefaultBuildOperationRunner.call(DefaultBuildOperationRunner.java:53)
	at org.gradle.workers.internal.AbstractWorker.executeWrappedInBuildOperation(AbstractWorker.java:41)
	at org.gradle.workers.internal.NoIsolationWorkerFactory$1.execute(NoIsolationWorkerFactory.java:59)
	at org.gradle.workers.internal.DefaultWorkerExecutor.lambda$submitWork$0(DefaultWorkerExecutor.java:176)
	at java.base/java.util.concurrent.FutureTask.run(FutureTask.java:264)
	at org.gradle.internal.work.DefaultConditionalExecutionQueue$ExecutionRunner.runExecution(DefaultConditionalExecutionQueue.java:194)
	at org.gradle.internal.work.DefaultConditionalExecutionQueue$ExecutionRunner.access$700(DefaultConditionalExecutionQueue.java:127)
	at org.gradle.internal.work.DefaultConditionalExecutionQueue$ExecutionRunner$1.run(DefaultConditionalExecutionQueue.java:169)
	at org.gradle.internal.Factories$1.create(Factories.java:31)
	at org.gradle.internal.work.DefaultWorkerLeaseService.withLocks(DefaultWorkerLeaseService.java:263)
	at org.gradle.internal.work.DefaultWorkerLeaseService.runAsWorkerThread(DefaultWorkerLeaseService.java:127)
	at org.gradle.internal.work.DefaultWorkerLeaseService.runAsWorkerThread(DefaultWorkerLeaseService.java:132)
	at org.gradle.internal.work.DefaultConditionalExecutionQueue$ExecutionRunner.runBatch(DefaultConditionalExecutionQueue.java:164)
	at org.gradle.internal.work.DefaultConditionalExecutionQueue$ExecutionRunner.run(DefaultConditionalExecutionQueue.java:133)
	at java.base/java.util.concurrent.Executors$RunnableAdapter.call(Executors.java:539)
	at java.base/java.util.concurrent.FutureTask.run(FutureTask.java:264)
	at org.gradle.internal.concurrent.ExecutorPolicy$CatchAndRecordFailures.onExecute(ExecutorPolicy.java:64)
	at org.gradle.internal.concurrent.AbstractManagedExecutor$1.run(AbstractManagedExecutor.java:47)
	at java.base/java.util.concurrent.ThreadPoolExecutor.runWorker(ThreadPoolExecutor.java:1136)
	at java.base/java.util.concurrent.ThreadPoolExecutor$Worker.run(ThreadPoolExecutor.java:635)
	at java.base/java.lang.Thread.run(Thread.java:840)
Caused by: com.android.tools.r8.CompilationFailedException: Compilation failed to complete, origin: /Users/hv/workspace/app/Snag/example/react-native/node_modules/react-native-safe-area-context/android/build/.transforms/03f04b26b2c2eab4082c0742a5c90a47/transformed/bundleLibRuntimeToDirDebug/bundleLibRuntimeToDirDebug_dex/com/facebook/react/viewmanagers/RNCSafeAreaProviderManagerDelegate.dex
	at Version.fakeStackEntry(Version_8.12.14.java:0)
	at com.android.tools.r8.Q.a(R8_8.12.14_57c4cb949dc9299c08af76e64a45e2178c74cd3ffb240ebd6ec37814bb254d10:1)
	at com.android.tools.r8.internal.Gv.a(R8_8.12.14_57c4cb949dc9299c08af76e64a45e2178c74cd3ffb240ebd6ec37814bb254d10:81)
	at com.android.tools.r8.internal.Gv.a(R8_8.12.14_57c4cb949dc9299c08af76e64a45e2178c74cd3ffb240ebd6ec37814bb254d10:32)
	at com.android.tools.r8.internal.Gv.a(R8_8.12.14_57c4cb949dc9299c08af76e64a45e2178c74cd3ffb240ebd6ec37814bb254d10:31)
	at com.android.tools.r8.internal.Gv.b(R8_8.12.14_57c4cb949dc9299c08af76e64a45e2178c74cd3ffb240ebd6ec37814bb254d10:2)
	at com.android.tools.r8.D8.run(R8_8.12.14_57c4cb949dc9299c08af76e64a45e2178c74cd3ffb240ebd6ec37814bb254d10:11)
	at com.android.builder.dexing.D8DexArchiveMerger.mergeDexArchives(D8DexArchiveMerger.java:216)
	... 37 more
Caused by: com.android.tools.r8.internal.g: Type com.facebook.react.viewmanagers.RNCSafeAreaProviderManagerDelegate is defined multiple times: /Users/hv/workspace/app/Snag/example/react-native/node_modules/react-native-safe-area-context/android/build/.transforms/03f04b26b2c2eab4082c0742a5c90a47/transformed/bundleLibRuntimeToDirDebug/bundleLibRuntimeToDirDebug_dex/com/facebook/react/viewmanagers/RNCSafeAreaProviderManagerDelegate.dex, /Users/hv/workspace/app/Snag/example/react-native/node_modules/react-native-snag/android/build/.transforms/9a81bf16898b7c1755576c7f07b9700d/transformed/bundleLibRuntimeToDirDebug/bundleLibRuntimeToDirDebug_dex/com/facebook/react/viewmanagers/RNCSafeAreaProviderManagerDelegate.dex
	at com.android.tools.r8.internal.gh0.a(R8_8.12.14_57c4cb949dc9299c08af76e64a45e2178c74cd3ffb240ebd6ec37814bb254d10:21)
	at com.android.tools.r8.internal.l90.a(R8_8.12.14_57c4cb949dc9299c08af76e64a45e2178c74cd3ffb240ebd6ec37814bb254d10:54)
	at com.android.tools.r8.internal.l90.a(R8_8.12.14_57c4cb949dc9299c08af76e64a45e2178c74cd3ffb240ebd6ec37814bb254d10:10)
	at java.base/java.util.concurrent.ConcurrentHashMap.merge(ConcurrentHashMap.java:2056)
	at com.android.tools.r8.internal.l90.a(R8_8.12.14_57c4cb949dc9299c08af76e64a45e2178c74cd3ffb240ebd6ec37814bb254d10:6)
	at com.android.tools.r8.graph.v4$a.c(R8_8.12.14_57c4cb949dc9299c08af76e64a45e2178c74cd3ffb240ebd6ec37814bb254d10:6)
	at com.android.tools.r8.dex.c.a(R8_8.12.14_57c4cb949dc9299c08af76e64a45e2178c74cd3ffb240ebd6ec37814bb254d10:56)
	at com.android.tools.r8.dex.c.a(R8_8.12.14_57c4cb949dc9299c08af76e64a45e2178c74cd3ffb240ebd6ec37814bb254d10:12)
	at com.android.tools.r8.D8.a(R8_8.12.14_57c4cb949dc9299c08af76e64a45e2178c74cd3ffb240ebd6ec37814bb254d10:33)
	at com.android.tools.r8.D8.d(R8_8.12.14_57c4cb949dc9299c08af76e64a45e2178c74cd3ffb240ebd6ec37814bb254d10:20)
	at com.android.tools.r8.D8.b(R8_8.12.14_57c4cb949dc9299c08af76e64a45e2178c74cd3ffb240ebd6ec37814bb254d10:1)
	at com.android.tools.r8.internal.Gv.a(R8_8.12.14_57c4cb949dc9299c08af76e64a45e2178c74cd3ffb240ebd6ec37814bb254d10:28)
	... 40 more


> Task :app:mergeProjectDexDebug
> Task :app:mergeDebugJavaResource

> Task :app:buildCMakeDebug[arm64-v8a] FAILED
C/C++: ninja: Entering directory `/Users/hv/workspace/app/Snag/example/react-native/android/app/.cxx/Debug/2j6m1h4i/arm64-v8a'
C/C++: : && /Users/hv/Library/Android/sdk/ndk/27.1.12297006/toolchains/llvm/prebuilt/darwin-x86_64/bin/clang++ --target=aarch64-none-linux-android24 --sysroot=/Users/hv/Library/Android/sdk/ndk/27.1.12297006/toolchains/llvm/prebuilt/darwin-x86_64/sysroot -fPIC -g -DANDROID -fdata-sections -ffunction-sections -funwind-tables -fstack-protector-strong -no-canonical-prefixes -D__BIONIC_NO_PAGE_SIZE_MACRO -D_FORTIFY_SOURCE=2 -Wformat -Werror=format-security   -fno-limit-debug-info  -Wl,-z,max-page-size=16384 -Wl,--build-id=sha1 -Wl,--no-rosegment -Wl,--no-undefined-version -Wl,--fatal-warnings -Wl,--no-undefined -Qunused-arguments -shared -Wl,-soname,libappmodules.so -o /Users/hv/workspace/app/Snag/example/react-native/android/app/build/intermediates/cxx/Debug/2j6m1h4i/obj/arm64-v8a/libappmodules.so RNSnagSpec_autolinked_build/CMakeFiles/react_codegen_RNSnagSpec.dir/RNSnag-generated.cpp.o RNSnagSpec_autolinked_build/CMakeFiles/react_codegen_RNSnagSpec.dir/RNSnagSpec-generated.cpp.o RNSnagSpec_autolinked_build/CMakeFiles/react_codegen_RNSnagSpec.dir/Snag-generated.cpp.o RNSnagSpec_autolinked_build/CMakeFiles/react_codegen_RNSnagSpec.dir/safeareacontext-generated.cpp.o CMakeFiles/appmodules.dir/Users/hv/workspace/app/Snag/example/react-native/android/app/build/generated/autolinking/src/main/jni/autolinking.cpp.o CMakeFiles/appmodules.dir/OnLoad.cpp.o  /Users/hv/workspace/app/Snag/example/react-native/android/app/build/intermediates/cxx/Debug/2j6m1h4i/obj/arm64-v8a/libreact_codegen_safeareacontext.so  /Users/hv/.gradle/caches/9.0.0/transforms/52aa7db008ad8e40b86ef4d595d24971/transformed/fbjni-0.7.0/prefab/modules/fbjni/libs/android.arm64-v8a/libfbjni.so  /Users/hv/.gradle/caches/9.0.0/transforms/227461e622c2fc8431cdccb11cbbb5c2/transformed/react-android-0.83.1-debug/prefab/modules/jsi/libs/android.arm64-v8a/libjsi.so  /Users/hv/.gradle/caches/9.0.0/transforms/227461e622c2fc8431cdccb11cbbb5c2/transformed/react-android-0.83.1-debug/prefab/modules/reactnative/libs/android.arm64-v8a/libreactnative.so  -latomic -lm && :
C/C++: ld.lld: error: duplicate symbol: facebook::react::NativeSnagSpecJSI::NativeSnagSpecJSI(facebook::react::JavaTurboModule::InitParams const&)
C/C++: >>> defined at RNSnag-generated.cpp:21 (/Users/hv/workspace/app/Snag/example/react-native/node_modules/react-native-snag/android/build/generated/source/codegen/jni/RNSnag-generated.cpp:21)
C/C++: >>>            RNSnagSpec_autolinked_build/CMakeFiles/react_codegen_RNSnagSpec.dir/RNSnag-generated.cpp.o:(facebook::react::NativeSnagSpecJSI::NativeSnagSpecJSI(facebook::react::JavaTurboModule::InitParams const&))
C/C++: >>> defined at RNSnagSpec-generated.cpp:21 (/Users/hv/workspace/app/Snag/example/react-native/node_modules/react-native-snag/android/build/generated/source/codegen/jni/RNSnagSpec-generated.cpp:21)
C/C++: >>>            RNSnagSpec_autolinked_build/CMakeFiles/react_codegen_RNSnagSpec.dir/RNSnagSpec-generated.cpp.o:(.text._ZN8facebook5react17NativeSnagSpecJSIC2ERKNS0_15JavaTurboModule10InitParamsE+0x0)
C/C++: ld.lld: error: duplicate symbol: facebook::react::NativeSnagSpecJSI::NativeSnagSpecJSI(facebook::react::JavaTurboModule::InitParams const&)
C/C++: >>> defined at RNSnag-generated.cpp:21 (/Users/hv/workspace/app/Snag/example/react-native/node_modules/react-native-snag/android/build/generated/source/codegen/jni/RNSnag-generated.cpp:21)
C/C++: >>>            RNSnagSpec_autolinked_build/CMakeFiles/react_codegen_RNSnagSpec.dir/RNSnag-generated.cpp.o:(facebook::react::NativeSnagSpecJSI::NativeSnagSpecJSI(facebook::react::JavaTurboModule::InitParams const&))
C/C++: >>> defined at Snag-generated.cpp:21 (/Users/hv/workspace/app/Snag/example/react-native/node_modules/react-native-snag/android/build/generated/source/codegen/jni/Snag-generated.cpp:21)
C/C++: >>>            RNSnagSpec_autolinked_build/CMakeFiles/react_codegen_RNSnagSpec.dir/Snag-generated.cpp.o:(.text._ZN8facebook5react17NativeSnagSpecJSIC2ERKNS0_15JavaTurboModule10InitParamsE+0x0)
C/C++: ld.lld: error: duplicate symbol: facebook::react::NativeSnagSpecJSI::NativeSnagSpecJSI(facebook::react::JavaTurboModule::InitParams const&)
C/C++: >>> defined at RNSnag-generated.cpp:21 (/Users/hv/workspace/app/Snag/example/react-native/node_modules/react-native-snag/android/build/generated/source/codegen/jni/RNSnag-generated.cpp:21)
C/C++: >>>            RNSnagSpec_autolinked_build/CMakeFiles/react_codegen_RNSnagSpec.dir/RNSnag-generated.cpp.o:(facebook::react::NativeSnagSpecJSI::NativeSnagSpecJSI(facebook::react::JavaTurboModule::InitParams const&))
C/C++: >>> defined at RNSnagSpec-generated.cpp:21 (/Users/hv/workspace/app/Snag/example/react-native/node_modules/react-native-snag/android/build/generated/source/codegen/jni/RNSnagSpec-generated.cpp:21)
C/C++: >>>            RNSnagSpec_autolinked_build/CMakeFiles/react_codegen_RNSnagSpec.dir/RNSnagSpec-generated.cpp.o:(.text._ZN8facebook5react17NativeSnagSpecJSIC2ERKNS0_15JavaTurboModule10InitParamsE+0x0)
C/C++: ld.lld: error: duplicate symbol: facebook::react::NativeSnagSpecJSI::NativeSnagSpecJSI(facebook::react::JavaTurboModule::InitParams const&)
C/C++: >>> defined at RNSnag-generated.cpp:21 (/Users/hv/workspace/app/Snag/example/react-native/node_modules/react-native-snag/android/build/generated/source/codegen/jni/RNSnag-generated.cpp:21)
C/C++: >>>            RNSnagSpec_autolinked_build/CMakeFiles/react_codegen_RNSnagSpec.dir/RNSnag-generated.cpp.o:(facebook::react::NativeSnagSpecJSI::NativeSnagSpecJSI(facebook::react::JavaTurboModule::InitParams const&))
C/C++: >>> defined at Snag-generated.cpp:21 (/Users/hv/workspace/app/Snag/example/react-native/node_modules/react-native-snag/android/build/generated/source/codegen/jni/Snag-generated.cpp:21)
C/C++: >>>            RNSnagSpec_autolinked_build/CMakeFiles/react_codegen_RNSnagSpec.dir/Snag-generated.cpp.o:(.text._ZN8facebook5react17NativeSnagSpecJSIC2ERKNS0_15JavaTurboModule10InitParamsE+0x0)
C/C++: clang++: error: linker command failed with exit code 1 (use -v to see invocation)
C/C++: ninja: build stopped: subcommand failed.

[Incubating] Problems report is available at: file:///Users/hv/workspace/app/Snag/example/react-native/android/build/reports/problems/problems-report.html

FAILURE: Build completed with 2 failures.

1: Task failed with an exception.
-----------
* What went wrong:
Execution failed for task ':app:mergeLibDexDebug'.
> A failure occurred while executing com.android.build.gradle.internal.tasks.DexMergingTaskDelegate
   > There was a failure while executing work items
      > A failure occurred while executing com.android.build.gradle.internal.tasks.DexMergingWorkAction
         > com.android.builder.dexing.DexArchiveMergerException: Error while merging dex archives: 
           Type com.facebook.react.viewmanagers.RNCSafeAreaProviderManagerDelegate is defined multiple times: /Users/hv/workspace/app/Snag/example/react-native/node_modules/react-native-safe-area-context/android/build/.transforms/03f04b26b2c2eab4082c0742a5c90a47/transformed/bundleLibRuntimeToDirDebug/bundleLibRuntimeToDirDebug_dex/com/facebook/react/viewmanagers/RNCSafeAreaProviderManagerDelegate.dex, /Users/hv/workspace/app/Snag/example/react-native/node_modules/react-native-snag/android/build/.transforms/9a81bf16898b7c1755576c7f07b9700d/transformed/bundleLibRuntimeToDirDebug/bundleLibRuntimeToDirDebug_dex/com/facebook/react/viewmanagers/RNCSafeAreaProviderManagerDelegate.dex
           Learn how to resolve the issue at https://developer.android.com/studio/build/dependencies#duplicate_classes.

* Try:
> Run with --stacktrace option to get the stack trace.
> Run with --info or --debug option to get more log output.
> Run with --scan to generate a Build Scan (Powered by Develocity).
> Get more help at https://help.gradle.org.
==============================================================================

2: Task failed with an exception.
-----------
* What went wrong:
Execution failed for task ':app:buildCMakeDebug[arm64-v8a]'.
> com.android.ide.common.process.ProcessException: ninja: Entering directory `/Users/hv/workspace/app/Snag/example/react-native/android/app/.cxx/Debug/2j6m1h4i/arm64-v8a'
  [0/2] Re-checking globbed directories...
  [1/16] Building CXX object safeareacontext_autolinked_build/CMakeFiles/react_codegen_safeareacontext.dir/Users/hv/workspace/app/Snag/example/react-native/node_modules/react-native-safe-area-context/android/build/generated/source/codegen/jni/react/renderer/components/safeareacontext/States.cpp.o
  [2/16] Building CXX object safeareacontext_autolinked_build/CMakeFiles/react_codegen_safeareacontext.dir/Users/hv/workspace/app/Snag/example/react-native/node_modules/react-native-safe-area-context/android/build/generated/source/codegen/jni/react/renderer/components/safeareacontext/EventEmitters.cpp.o
  [3/16] Building CXX object RNSnagSpec_autolinked_build/CMakeFiles/react_codegen_RNSnagSpec.dir/RNSnagSpec-generated.cpp.o
  [4/16] Building CXX object safeareacontext_autolinked_build/CMakeFiles/react_codegen_safeareacontext.dir/Users/hv/workspace/app/Snag/example/react-native/node_modules/react-native-safe-area-context/android/build/generated/source/codegen/jni/safeareacontext-generated.cpp.o
  [5/16] Building CXX object RNSnagSpec_autolinked_build/CMakeFiles/react_codegen_RNSnagSpec.dir/safeareacontext-generated.cpp.o
  [6/16] Building CXX object RNSnagSpec_autolinked_build/CMakeFiles/react_codegen_RNSnagSpec.dir/RNSnag-generated.cpp.o
  [7/16] Building CXX object RNSnagSpec_autolinked_build/CMakeFiles/react_codegen_RNSnagSpec.dir/Snag-generated.cpp.o
  [8/16] Building CXX object CMakeFiles/appmodules.dir/OnLoad.cpp.o
  [9/16] Building CXX object safeareacontext_autolinked_build/CMakeFiles/react_codegen_safeareacontext.dir/Users/hv/workspace/app/Snag/example/react-native/node_modules/react-native-safe-area-context/common/cpp/react/renderer/components/safeareacontext/RNCSafeAreaViewState.cpp.o
  [10/16] Building CXX object safeareacontext_autolinked_build/CMakeFiles/react_codegen_safeareacontext.dir/Users/hv/workspace/app/Snag/example/react-native/node_modules/react-native-safe-area-context/android/build/generated/source/codegen/jni/react/renderer/components/safeareacontext/ShadowNodes.cpp.o
  [11/16] Building CXX object safeareacontext_autolinked_build/CMakeFiles/react_codegen_safeareacontext.dir/Users/hv/workspace/app/Snag/example/react-native/node_modules/react-native-safe-area-context/android/build/generated/source/codegen/jni/react/renderer/components/safeareacontext/Props.cpp.o
  [12/16] Building CXX object safeareacontext_autolinked_build/CMakeFiles/react_codegen_safeareacontext.dir/Users/hv/workspace/app/Snag/example/react-native/node_modules/react-native-safe-area-context/android/build/generated/source/codegen/jni/react/renderer/components/safeareacontext/ComponentDescriptors.cpp.o
  [13/16] Building CXX object safeareacontext_autolinked_build/CMakeFiles/react_codegen_safeareacontext.dir/Users/hv/workspace/app/Snag/example/react-native/node_modules/react-native-safe-area-context/common/cpp/react/renderer/components/safeareacontext/RNCSafeAreaViewShadowNode.cpp.o
  [14/16] Linking CXX shared library /Users/hv/workspace/app/Snag/example/react-native/android/app/build/intermediates/cxx/Debug/2j6m1h4i/obj/arm64-v8a/libreact_codegen_safeareacontext.so
  [15/16] Building CXX object CMakeFiles/appmodules.dir/Users/hv/workspace/app/Snag/example/react-native/android/app/build/generated/autolinking/src/main/jni/autolinking.cpp.o
  [16/16] Linking CXX shared library /Users/hv/workspace/app/Snag/example/react-native/android/app/build/intermediates/cxx/Debug/2j6m1h4i/obj/arm64-v8a/libappmodules.so
  FAILED: /Users/hv/workspace/app/Snag/example/react-native/android/app/build/intermediates/cxx/Debug/2j6m1h4i/obj/arm64-v8a/libappmodules.so 
  : && /Users/hv/Library/Android/sdk/ndk/27.1.12297006/toolchains/llvm/prebuilt/darwin-x86_64/bin/clang++ --target=aarch64-none-linux-android24 --sysroot=/Users/hv/Library/Android/sdk/ndk/27.1.12297006/toolchains/llvm/prebuilt/darwin-x86_64/sysroot -fPIC -g -DANDROID -fdata-sections -ffunction-sections -funwind-tables -fstack-protector-strong -no-canonical-prefixes -D__BIONIC_NO_PAGE_SIZE_MACRO -D_FORTIFY_SOURCE=2 -Wformat -Werror=format-security   -fno-limit-debug-info  -Wl,-z,max-page-size=16384 -Wl,--build-id=sha1 -Wl,--no-rosegment -Wl,--no-undefined-version -Wl,--fatal-warnings -Wl,--no-undefined -Qunused-arguments -shared -Wl,-soname,libappmodules.so -o /Users/hv/workspace/app/Snag/example/react-native/android/app/build/intermediates/cxx/Debug/2j6m1h4i/obj/arm64-v8a/libappmodules.so RNSnagSpec_autolinked_build/CMakeFiles/react_codegen_RNSnagSpec.dir/RNSnag-generated.cpp.o RNSnagSpec_autolinked_build/CMakeFiles/react_codegen_RNSnagSpec.dir/RNSnagSpec-generated.cpp.o RNSnagSpec_autolinked_build/CMakeFiles/react_codegen_RNSnagSpec.dir/Snag-generated.cpp.o RNSnagSpec_autolinked_build/CMakeFiles/react_codegen_RNSnagSpec.dir/safeareacontext-generated.cpp.o CMakeFiles/appmodules.dir/Users/hv/workspace/app/Snag/example/react-native/android/app/build/generated/autolinking/src/main/jni/autolinking.cpp.o CMakeFiles/appmodules.dir/OnLoad.cpp.o  /Users/hv/workspace/app/Snag/example/react-native/android/app/build/intermediates/cxx/Debug/2j6m1h4i/obj/arm64-v8a/libreact_codegen_safeareacontext.so  /Users/hv/.gradle/caches/9.0.0/transforms/52aa7db008ad8e40b86ef4d595d24971/transformed/fbjni-0.7.0/prefab/modules/fbjni/libs/android.arm64-v8a/libfbjni.so  /Users/hv/.gradle/caches/9.0.0/transforms/227461e622c2fc8431cdccb11cbbb5c2/transformed/react-android-0.83.1-debug/prefab/modules/jsi/libs/android.arm64-v8a/libjsi.so  /Users/hv/.gradle/caches/9.0.0/transforms/227461e622c2fc8431cdccb11cbbb5c2/transformed/react-android-0.83.1-debug/prefab/modules/reactnative/libs/android.arm64-v8a/libreactnative.so  -latomic -lm && :
  ld.lld: error: duplicate symbol: facebook::react::NativeSnagSpecJSI::NativeSnagSpecJSI(facebook::react::JavaTurboModule::InitParams const&)
  >>> defined at RNSnag-generated.cpp:21 (/Users/hv/workspace/app/Snag/example/react-native/node_modules/react-native-snag/android/build/generated/source/codegen/jni/RNSnag-generated.cpp:21)
  >>>            RNSnagSpec_autolinked_build/CMakeFiles/react_codegen_RNSnagSpec.dir/RNSnag-generated.cpp.o:(facebook::react::NativeSnagSpecJSI::NativeSnagSpecJSI(facebook::react::JavaTurboModule::InitParams const&))
  >>> defined at RNSnagSpec-generated.cpp:21 (/Users/hv/workspace/app/Snag/example/react-native/node_modules/react-native-snag/android/build/generated/source/codegen/jni/RNSnagSpec-generated.cpp:21)
  >>>            RNSnagSpec_autolinked_build/CMakeFiles/react_codegen_RNSnagSpec.dir/RNSnagSpec-generated.cpp.o:(.text._ZN8facebook5react17NativeSnagSpecJSIC2ERKNS0_15JavaTurboModule10InitParamsE+0x0)
  
  ld.lld: error: duplicate symbol: facebook::react::NativeSnagSpecJSI::NativeSnagSpecJSI(facebook::react::JavaTurboModule::InitParams const&)
  >>> defined at RNSnag-generated.cpp:21 (/Users/hv/workspace/app/Snag/example/react-native/node_modules/react-native-snag/android/build/generated/source/codegen/jni/RNSnag-generated.cpp:21)
  >>>            RNSnagSpec_autolinked_build/CMakeFiles/react_codegen_RNSnagSpec.dir/RNSnag-generated.cpp.o:(facebook::react::NativeSnagSpecJSI::NativeSnagSpecJSI(facebook::react::JavaTurboModule::InitParams const&))
  >>> defined at Snag-generated.cpp:21 (/Users/hv/workspace/app/Snag/example/react-native/node_modules/react-native-snag/android/build/generated/source/codegen/jni/Snag-generated.cpp:21)
  >>>            RNSnagSpec_autolinked_build/CMakeFiles/react_codegen_RNSnagSpec.dir/Snag-generated.cpp.o:(.text._ZN8facebook5react17NativeSnagSpecJSIC2ERKNS0_15JavaTurboModule10InitParamsE+0x0)
  
  ld.lld: error: duplicate symbol: facebook::react::NativeSnagSpecJSI::NativeSnagSpecJSI(facebook::react::JavaTurboModule::InitParams const&)
  >>> defined at RNSnag-generated.cpp:21 (/Users/hv/workspace/app/Snag/example/react-native/node_modules/react-native-snag/android/build/generated/source/codegen/jni/RNSnag-generated.cpp:21)
  >>>            RNSnagSpec_autolinked_build/CMakeFiles/react_codegen_RNSnagSpec.dir/RNSnag-generated.cpp.o:(facebook::react::NativeSnagSpecJSI::NativeSnagSpecJSI(facebook::react::JavaTurboModule::InitParams const&))
  >>> defined at RNSnagSpec-generated.cpp:21 (/Users/hv/workspace/app/Snag/example/react-native/node_modules/react-native-snag/android/build/generated/source/codegen/jni/RNSnagSpec-generated.cpp:21)
  >>>            RNSnagSpec_autolinked_build/CMakeFiles/react_codegen_RNSnagSpec.dir/RNSnagSpec-generated.cpp.o:(.text._ZN8facebook5react17NativeSnagSpecJSIC2ERKNS0_15JavaTurboModule10InitParamsE+0x0)
  
  ld.lld: error: duplicate symbol: facebook::react::NativeSnagSpecJSI::NativeSnagSpecJSI(facebook::react::JavaTurboModule::InitParams const&)
  >>> defined at RNSnag-generated.cpp:21 (/Users/hv/workspace/app/Snag/example/react-native/node_modules/react-native-snag/android/build/generated/source/codegen/jni/RNSnag-generated.cpp:21)
  >>>            RNSnagSpec_autolinked_build/CMakeFiles/react_codegen_RNSnagSpec.dir/RNSnag-generated.cpp.o:(facebook::react::NativeSnagSpecJSI::NativeSnagSpecJSI(facebook::react::JavaTurboModule::InitParams const&))
  >>> defined at Snag-generated.cpp:21 (/Users/hv/workspace/app/Snag/example/react-native/node_modules/react-native-snag/android/build/generated/source/codegen/jni/Snag-generated.cpp:21)
  >>>            RNSnagSpec_autolinked_build/CMakeFiles/react_codegen_RNSnagSpec.dir/Snag-generated.cpp.o:(.text._ZN8facebook5react17NativeSnagSpecJSIC2ERKNS0_15JavaTurboModule10InitParamsE+0x0)
  clang++: error: linker command failed with exit code 1 (use -v to see invocation)
  ninja: build stopped: subcommand failed.
  
  C++ build system [build] failed while executing:
      /Users/hv/Library/Android/sdk/cmake/3.22.1/bin/ninja \
        -C \
        /Users/hv/workspace/app/Snag/example/react-native/android/app/.cxx/Debug/2j6m1h4i/arm64-v8a \
        appmodules \
        react_codegen_safeareacontext
    from /Users/hv/workspace/app/Snag/example/react-native/android/app

* Try:
> Run with --stacktrace option to get the stack trace.
> Run with --info or --debug option to get more log output.
> Run with --scan to generate a Build Scan (Powered by Develocity).
> Get more help at https://help.gradle.org.
==============================================================================

Deprecated Gradle features were used in this build, making it incompatible with Gradle 10.

You can use '--warning-mode all' to show the individual deprecation warnings and determine if they come from your own scripts or plugins.

For more on this, please refer to https://docs.gradle.org/9.0.0/userguide/command_line_interface.html#sec:command_line_warnings in the Gradle documentation.

BUILD FAILED in 6s
103 actionable tasks: 14 executed, 89 up-to-date
